2022-03-12 16:41:45,660 INFO: {'username': 'root', 'password': 'root'} [in auth]
2022-03-12 16:42:08,389 INFO: {'username': 'root', 'password': 'root'} [in auth]
2022-03-12 16:42:28,537 INFO: {'username': 'root', 'password': 'root'} [in auth]
2022-03-12 16:44:29,475 INFO: {'username': 'root', 'password': 'root'} [in auth]
2022-03-12 16:46:14,905 INFO: {'username': 'root', 'password': 'root'} [in auth]
2022-03-12 16:46:40,666 INFO: {'username': 'root', 'password': 'password'} [in auth]
2022-03-12 16:48:07,240 INFO: {'username': 'root', 'password': 'password'} [in auth]
2022-03-12 16:48:37,681 INFO: {'username': 'root', 'password': 'password'} [in auth]
2022-03-12 16:50:25,651 INFO: {'username': 'root', 'password': 'password'} [in auth]
2022-03-12 16:50:32,898 INFO: {'username': 'root', 'password': 'passwor'} [in auth]
2022-03-12 16:53:35,910 INFO: {'username': 'root', 'password': 'root'} [in auth]
2022-03-12 16:58:58,009 INFO: {'username': 'root', 'password': 'root'} [in auth]
2022-03-12 17:01:00,279 INFO: {'username': 'root', 'password': 'root'} [in auth]
2022-03-12 17:01:08,498 INFO: {'username': 'root', 'password': 'test'} [in auth]
2022-03-12 17:03:25,567 INFO: {'username': 'root', 'password': 'test'} [in auth]
2022-03-12 17:04:27,189 INFO: {'username': 'root', 'password': 'test'} [in auth]
2022-03-12 17:04:41,200 INFO: {'username': 'root', 'password': 'test'} [in auth]
2022-03-12 17:04:54,129 INFO: {'username': 'root', 'password': 'test'} [in auth]
2022-03-12 17:05:17,597 INFO: {'username': 'root', 'password': 'test'} [in auth]
2022-03-12 17:07:52,509 INFO: {'username': 'root', 'password': 'test'} [in auth]
2022-03-12 17:08:14,433 INFO: {'username': 'root', 'password': 'test'} [in auth]
2022-03-12 17:09:28,248 INFO: {'username': 'root', 'password': 'test'} [in auth]
2022-03-12 17:09:38,284 INFO: {'username': 'root', 'password': 'test'} [in auth]
2022-03-12 17:09:44,814 INFO: {'username': 'root', 'password': 'est'} [in auth]
2022-03-12 17:09:51,384 INFO: {'username': 'roo', 'password': 'test'} [in auth]
2022-03-12 17:15:15,170 INFO: {'username': 'roo', 'password': 'test'} [in auth]
2022-03-12 17:15:32,763 INFO: {'username': 'root', 'password': 'test'} [in auth]
2022-03-12 17:24:17,469 INFO: {'username': 'root', 'password': 'test'} [in auth]
2022-03-12 17:24:48,760 INFO: {'username': 'root', 'password': 'poshelnahyi'} [in auth]
2022-03-12 17:26:03,176 INFO: {'username': 'hyi', 'password': 'poshelnahyi'} [in auth]
2022-03-12 17:59:28,317 INFO: {'username': 'hyi', 'password': 'poshelnahyi'} [in auth]
